Using pre-set license
Built from '2020.2/staging' branch; Version is '2020.2.5f1 (e2c53f129de5) revision 14861631'; Using compiler version '192528614'; Build Type 'Release'
OS: 'Windows 10 Home; OS build 19041.804; Version 2004; 64bit' Language: 'fr' Physical Memory: 16062 MB
BatchMode: 1, IsHumanControllingUs: 0, StartBugReporterOnCrash: 0, Is64bit: 1, IsPro: 0

 COMMAND LINE ARGUMENTS:
C:\Program Files\Unity\Hub\Editor\2020.2.5f1\Editor\Unity.exe
-adb2
-batchMode
-noUpm
-name
AssetImportWorker0
-projectPath
D:/Users/user/Documents/GitHub/TER-Eye-tracking/TP 1
-logFile
Logs/AssetImportWorker0.log
-srvPort
50901
Successfully changed project path to: D:/Users/user/Documents/GitHub/TER-Eye-tracking/TP 1
D:/Users/user/Documents/GitHub/TER-Eye-tracking/TP 1
Using Asset Import Pipeline V2.
Refreshing native plugins compatible for Editor in 23.55 ms, found 0 plugins.
Preloading 0 native plugins for Editor in 0.00 ms.
Initialize engine version: 2020.2.5f1 (e2c53f129de5)
[Subsystems] Discovering subsystems at path C:/Program Files/Unity/Hub/Editor/2020.2.5f1/Editor/Data/Resources/UnitySubsystems
[Subsystems] Discovering subsystems at path D:/Users/user/Documents/GitHub/TER-Eye-tracking/TP 1/Assets
GfxDevice: creating device client; threaded=0
Direct3D:
    Version:  Direct3D 11.0 [level 11.1]
    Renderer: NVIDIA GeForce GTX 1060 6GB (ID=0x1c03)
    Vendor:   
    VRAM:     6061 MB
    Driver:   23.21.13.8846
Initialize mono
Mono path[0] = 'C:/Program Files/Unity/Hub/Editor/2020.2.5f1/Editor/Data/Managed'
Mono path[1] = 'C:/Program Files/Unity/Hub/Editor/2020.2.5f1/Editor/Data/MonoBleedingEdge/lib/mono/unityjit'
Mono config path = 'C:/Program Files/Unity/Hub/Editor/2020.2.5f1/Editor/Data/MonoBleedingEdge/etc'
Using monoOptions --debugger-agent=transport=dt_socket,embedding=1,server=y,suspend=n,address=127.0.0.1:56548
Begin MonoManager ReloadAssembly
Registering precompiled unity dll's ...
Register platform support module: C:/Program Files/Unity/Hub/Editor/2020.2.5f1/Editor/Data/PlaybackEngines/WindowsStandaloneSupport/UnityEditor.WindowsStandalone.Extensions.dll
Registered in 0.002399 seconds.
Native extension for WindowsStandalone target not found
Refreshing native plugins compatible for Editor in 25.04 ms, found 0 plugins.
Preloading 0 native plugins for Editor in 0.00 ms.
Invoked RoslynAnalysisRunner static constructor.
RoslynAnalysisRunner will not be running.
RoslynAnalysisRunner has terminated.
Mono: successfully reloaded assembly
- Completed reload, in  1.417 seconds
Platform modules already initialized, skipping
Registering precompiled user dll's ...
Registered in 0.000682 seconds.
Begin MonoManager ReloadAssembly
Native extension for WindowsStandalone target not found
Refreshing native plugins compatible for Editor in 0.24 ms, found 0 plugins.
Preloading 0 native plugins for Editor in 0.00 ms.
Invoked RoslynAnalysisRunner static constructor.
RoslynAnalysisRunner will not be running.
RoslynAnalysisRunner has terminated.
Mono: successfully reloaded assembly
- Completed reload, in  0.747 seconds
Platform modules already initialized, skipping
========================================================================
Worker process is ready to serve import requests
Launched and connected shader compiler UnityShaderCompiler.exe after 0.11 seconds
Refreshing native plugins compatible for Editor in 0.33 ms, found 0 plugins.
Preloading 0 native plugins for Editor in 0.00 ms.
Unloading 1076 Unused Serialized files (Serialized files now loaded: 0)
System memory in use before: 55.8 MB.
System memory in use after: 55.9 MB.

Unloading 9 unused Assets to reduce memory usage. Loaded Objects now: 1518.
Total: 2.950200 ms (FindLiveObjects: 0.233400 ms CreateObjectMapping: 0.051700 ms MarkObjects: 2.524000 ms  DeleteObjects: 0.138300 ms)

========================================================================
Received Import Request.
  path: Assets/Scenes
  artifactKey: Guid(f3f978015bb2c3d47b27d50cf798d955) Importer(815301076,1909f56bfc062723c751e8b465ee728b)
Start importing Assets/Scenes using Guid(f3f978015bb2c3d47b27d50cf798d955) Importer(815301076,1909f56bfc062723c751e8b465ee728b)  -> (artifact id: '29580891a9fdeed483703c976a782744') in 0.009160 seconds
  Import took 0.013313 seconds .

========================================================================
Received Import Request.
  Time since last request: 10.605742 seconds.
  path: Assets/Scenes/SampleScene.unity
  artifactKey: Guid(9fc0d4010bbf28b4594072e72b8655ab) Importer(815301076,1909f56bfc062723c751e8b465ee728b)
Start importing Assets/Scenes/SampleScene.unity using Guid(9fc0d4010bbf28b4594072e72b8655ab) Importer(815301076,1909f56bfc062723c751e8b465ee728b)  -> (artifact id: '07915e96c380ae8686a9780de3e85c84') in 0.010758 seconds
  Import took 0.013868 seconds .

========================================================================
Received Import Request.
  Time since last request: 13.672084 seconds.
  path: Assets/Scenes/scene1.unity
  artifactKey: Guid(9fc0d4010bbf28b4594072e72b8655ab) Importer(815301076,1909f56bfc062723c751e8b465ee728b)
Start importing Assets/Scenes/scene1.unity using Guid(9fc0d4010bbf28b4594072e72b8655ab) Importer(815301076,1909f56bfc062723c751e8b465ee728b)  -> (artifact id: '1d879d5faab5d98faecf8f3f93157527') in 0.005008 seconds
  Import took 0.009343 seconds .

========================================================================
Received Import Request.
  Time since last request: 0.007736 seconds.
  path: Assets/Scenes/scene1.unity
  artifactKey: Guid(9fc0d4010bbf28b4594072e72b8655ab) Importer(815301076,1909f56bfc062723c751e8b465ee728b)
Start importing Assets/Scenes/scene1.unity using Guid(9fc0d4010bbf28b4594072e72b8655ab) Importer(815301076,1909f56bfc062723c751e8b465ee728b)  -> (artifact id: '1d879d5faab5d98faecf8f3f93157527') in 0.004248 seconds
  Import took 0.008349 seconds .

========================================================================
Received Import Request.
  Time since last request: 1600.080899 seconds.
  path: Packages/com.unity.ide.visualstudio/package.json
  artifactKey: Guid(656f74f6edaa396458412b9e3903d8cd) Importer(815301076,1909f56bfc062723c751e8b465ee728b)
Start importing Packages/com.unity.ide.visualstudio/package.json using Guid(656f74f6edaa396458412b9e3903d8cd) Importer(815301076,1909f56bfc062723c751e8b465ee728b)  -> (artifact id: '23d88899f1603c9be2c5d9d0addc8e48') in 0.171170 seconds
  Import took 0.176238 seconds .

========================================================================
Received Import Request.
  Time since last request: 199.750177 seconds.
  path: Assets
  artifactKey: Guid(00000000000000001000000000000000) Importer(815301076,1909f56bfc062723c751e8b465ee728b)
Start importing Assets using Guid(00000000000000001000000000000000) Importer(815301076,1909f56bfc062723c751e8b465ee728b)  -> (artifact id: '29f2a2471e7245fbc0aa931fa5cf45b7') in 0.006078 seconds
  Import took 0.011419 seconds .

========================================================================
Received Import Request.
  Time since last request: 52.351027 seconds.
  path: Assets/Material
  artifactKey: Guid(32465b3f69ae1314fb9530b6d0ac51fd) Importer(815301076,1909f56bfc062723c751e8b465ee728b)
Start importing Assets/Material using Guid(32465b3f69ae1314fb9530b6d0ac51fd) Importer(815301076,1909f56bfc062723c751e8b465ee728b)  -> (artifact id: 'f4f0bf56b6d30328dac50732db55b05d') in 0.005540 seconds
  Import took 0.008757 seconds .

========================================================================
Received Import Request.
  Time since last request: 36.582513 seconds.
  path: Assets/Material/couleur.mat
  artifactKey: Guid(d36e4a66c800be34086a652718425a53) Importer(815301076,1909f56bfc062723c751e8b465ee728b)
Start importing Assets/Material/couleur.mat using Guid(d36e4a66c800be34086a652718425a53) Importer(815301076,1909f56bfc062723c751e8b465ee728b)  -> (artifact id: '5b3546a8503eca953e3f8e4d96258cb5') in 0.168235 seconds
  Import took 0.173311 seconds .

========================================================================
Received Import Request.
  Time since last request: 597.866462 seconds.
  path: Assets/Material/zoom.mat
  artifactKey: Guid(70e0548b2935b464fa7fde8db0d0376e) Importer(815301076,1909f56bfc062723c751e8b465ee728b)
Start importing Assets/Material/zoom.mat using Guid(70e0548b2935b464fa7fde8db0d0376e) Importer(815301076,1909f56bfc062723c751e8b465ee728b)  -> (artifact id: '1e51a09b624c37b5e46f501ab71cf252') in 0.023668 seconds
  Import took 0.029210 seconds .

========================================================================
Received Import Request.
  Time since last request: 52.717256 seconds.
  path: Assets/Material/couleur.mat
  artifactKey: Guid(d36e4a66c800be34086a652718425a53) Importer(815301076,1909f56bfc062723c751e8b465ee728b)
Start importing Assets/Material/couleur.mat using Guid(d36e4a66c800be34086a652718425a53) Importer(815301076,1909f56bfc062723c751e8b465ee728b)  -> (artifact id: '885e2f5935553a11e37bf2ef3a6ba0d1') in 0.017404 seconds
  Import took 0.022223 seconds .

AssetImportWorkerClient::OnTransportError - code=2 error=End of file
